build/outputs/logs/manifest-merger-debug-report.txt
-- Merging decision tree log ---
manifest
ADDED from src\main\AndroidManifest.xml:2:1-124:12
	package
		ADDED from src\main\AndroidManifest.xml:3:5-38
		INJECTED from src\main\AndroidManifest.xml
		INJECTED from src\main\AndroidManifest.xml
	android:versionName
		ADDED from src\main\AndroidManifest.xml:5:5-30
		INJECTED from src\main\AndroidManifest.xml
		INJECTED from src\main\AndroidManifest.xml
	android:versionCode
		ADDED from src\main\AndroidManifest.xml:4:5-28
		INJECTED from src\main\AndroidManifest.xml
		INJECTED from src\main\AndroidManifest.xml
	xmlns:android
		ADDED from src\main\AndroidManifest.xml:2:11-69
uses-permission#android.permission.WRITE_EXTERNAL_STORAGE
ADDED from src\main\AndroidManifest.xml:7:5-81
	android:name
		ADDED from src\main\AndroidManifest.xml:7:22-78
uses-permission#android.permission.MOUNT_UNMOUNT_FILESYSTEMS
ADDED from src\main\AndroidManifest.xml:8:5-84
	android:name
		ADDED from src\main\AndroidManifest.xml:8:22-81
uses-permission#android.permission.INTERNET
ADDED from src\main\AndroidManifest.xml:10:5-67
	android:name
		ADDED from src\main\AndroidManifest.xml:10:22-64
uses-permission#android.permission.ACCESS_NETWORK_STATE
ADDED from src\main\AndroidManifest.xml:11:5-79
	android:name
		ADDED from src\main\AndroidManifest.xml:11:22-76
uses-permission#android.permission.ACCESS_WIFI_STATE
ADDED from src\main\AndroidManifest.xml:12:5-76
	android:name
		ADDED from src\main\AndroidManifest.xml:12:22-73
uses-permission#android.permission.READ_PHONE_STATE
ADDED from src\main\AndroidManifest.xml:13:5-75
	android:name
		ADDED from src\main\AndroidManifest.xml:13:22-72
uses-permission#android.permission.VIBRATE
ADDED from src\main\AndroidManifest.xml:14:5-66
	android:name
		ADDED from src\main\AndroidManifest.xml:14:22-63
uses-permission#android.permission.CAMERA
ADDED from src\main\AndroidManifest.xml:15:5-65
	android:name
		ADDED from src\main\AndroidManifest.xml:15:22-62
uses-feature#android.hardware.camera
ADDED from src\main\AndroidManifest.xml:17:5-60
	android:name
		ADDED from src\main\AndroidManifest.xml:17:19-57
uses-feature#android.hardware.camera.autofocus
ADDED from src\main\AndroidManifest.xml:18:5-70
	android:name
		ADDED from src\main\AndroidManifest.xml:18:19-67
uses-permission#android.permission.FLASHLIGHT
ADDED from src\main\AndroidManifest.xml:20:5-69
	android:name
		ADDED from src\main\AndroidManifest.xml:20:22-66
uses-sdk
ADDED from src\main\AndroidManifest.xml:22:5-24:41
MERGED from [com.android.support:support-v4:23.4.0] AndroidManifest.xml:20:5-43
MERGED from [com.google.android.gms:play-services-appindexing:8.1.0] AndroidManifest.xml:18:5-42
MERGED from [com.google.android.gms:play-services-basement:8.1.0] AndroidManifest.xml:18:5-42
MERGED from [com.android.support:support-v4:23.4.0] AndroidManifest.xml:20:5-43
	android:targetSdkVersion
		ADDED from src\main\AndroidManifest.xml:24:9-38
		INJECTED from src\main\AndroidManifest.xml
		INJECTED from src\main\AndroidManifest.xml
	android:minSdkVersion
		ADDED from src\main\AndroidManifest.xml:23:9-35
		INJECTED from src\main\AndroidManifest.xml
		INJECTED from src\main\AndroidManifest.xml
application
ADDED from src\main\AndroidManifest.xml:26:5-122:19
MERGED from [com.android.support:support-v4:23.4.0] AndroidManifest.xml:22:5-20
MERGED from [com.google.android.gms:play-services-appindexing:8.1.0] AndroidManifest.xml:19:5-20
MERGED from [com.google.android.gms:play-services-basement:8.1.0] AndroidManifest.xml:20:5-24:19
MERGED from [com.android.support:support-v4:23.4.0] AndroidManifest.xml:22:5-20
	android:label
		ADDED from src\main\AndroidManifest.xml:30:9-41
	android:allowBackup
		ADDED from src\main\AndroidManifest.xml:28:9-35
	android:icon
		ADDED from src\main\AndroidManifest.xml:29:9-45
	android:theme
		ADDED from src\main\AndroidManifest.xml:31:9-40
	android:name
		ADDED from src\main\AndroidManifest.xml:27:9-68
activity#com.liuhepay.cuppayment.MainActivity
ADDED from src\main\AndroidManifest.xml:32:9-40:20
	android:label
		ADDED from src\main\AndroidManifest.xml:34:13-45
	android:name
		ADDED from src\main\AndroidManifest.xml:33:13-64
intent-filter#android.intent.action.MAIN+android.intent.category.LAUNCHER
ADDED from src\main\AndroidManifest.xml:35:13-39:29
action#android.intent.action.MAIN
ADDED from src\main\AndroidManifest.xml:36:17-69
	android:name
		ADDED from src\main\AndroidManifest.xml:36:25-66
category#android.intent.category.LAUNCHER
ADDED from src\main\AndroidManifest.xml:38:17-77
	android:name
		ADDED from src\main\AndroidManifest.xml:38:27-74
activity#com.liuhepay.cuppayment.base.BaseActivity
ADDED from src\main\AndroidManifest.xml:41:9-42:20
	android:name
		ADDED from src\main\AndroidManifest.xml:41:19-75
activity#com.liuhepay.cuppayment.OperatorMainActivity
ADDED from src\main\AndroidManifest.xml:43:9-46:20
	android:launchMode
		ADDED from src\main\AndroidManifest.xml:45:13-44
	android:name
		ADDED from src\main\AndroidManifest.xml:44:13-72
activity#com.liuhepay.cuppayment.InputAmountActivity
ADDED from src\main\AndroidManifest.xml:47:9-48:20
	android:name
		ADDED from src\main\AndroidManifest.xml:47:19-77
activity#com.liuhepay.cuppayment.PreAuthMainActivity
ADDED from src\main\AndroidManifest.xml:49:9-50:20
	android:name
		ADDED from src\main\AndroidManifest.xml:49:19-77
activity#com.liuhepay.cuppayment.PrintMainActivity
ADDED from src\main\AndroidManifest.xml:51:9-52:20
	android:name
		ADDED from src\main\AndroidManifest.xml:51:19-75
activity#com.liuhepay.cuppayment.ManagerMainActivity
ADDED from src\main\AndroidManifest.xml:53:9-54:20
	android:name
		ADDED from src\main\AndroidManifest.xml:53:19-77
activity#com.liuhepay.cuppayment.OthersMainActivity
ADDED from src\main\AndroidManifest.xml:55:9-56:20
	android:name
		ADDED from src\main\AndroidManifest.xml:55:19-76
activity#com.liuhepay.cuppayment.ElecCashMainActivity
ADDED from src\main\AndroidManifest.xml:57:9-58:20
	android:name
		ADDED from src\main\AndroidManifest.xml:57:19-78
activity#com.liuhepay.cuppayment.SignActivity
ADDED from src\main\AndroidManifest.xml:59:9-60:20
	android:name
		ADDED from src\main\AndroidManifest.xml:59:19-70
activity#com.liuhepay.cuppayment.HistoryQueryActivity
ADDED from src\main\AndroidManifest.xml:61:9-62:20
	android:name
		ADDED from src\main\AndroidManifest.xml:61:19-78
activity#com.liuhepay.cuppayment.OperatorManagerActivity
ADDED from src\main\AndroidManifest.xml:63:9-64:20
	android:name
		ADDED from src\main\AndroidManifest.xml:63:19-81
activity#com.liuhepay.cuppayment.sysactivity.SysMainActivity
ADDED from src\main\AndroidManifest.xml:65:9-68:20
	android:launchMode
		ADDED from src\main\AndroidManifest.xml:67:13-44
	android:name
		ADDED from src\main\AndroidManifest.xml:66:13-79
activity#com.liuhepay.cuppayment.sysactivity.SysTransManagerActivity
ADDED from src\main\AndroidManifest.xml:69:9-70:20
	android:name
		ADDED from src\main\AndroidManifest.xml:69:19-93
activity#com.liuhepay.cuppayment.sysactivity.SysCommunicateManagerActivity
ADDED from src\main\AndroidManifest.xml:71:9-72:20
	android:name
		ADDED from src\main\AndroidManifest.xml:71:19-99
activity#com.liuhepay.cuppayment.sysactivity.SysTmkManagerActivity
ADDED from src\main\AndroidManifest.xml:73:9-74:20
	android:name
		ADDED from src\main\AndroidManifest.xml:73:19-91
activity#com.liuhepay.cuppayment.sysactivity.SysKeyManagerActivity
ADDED from src\main\AndroidManifest.xml:75:9-76:20
	android:name
		ADDED from src\main\AndroidManifest.xml:75:19-91
activity#com.liuhepay.cuppayment.sysactivity.SysOthersManagerActivity
ADDED from src\main\AndroidManifest.xml:77:9-78:20
	android:name
		ADDED from src\main\AndroidManifest.xml:77:19-94
activity#com.liuhepay.cuppayment.sysactivity.SysDownloadManagerActivity
ADDED from src\main\AndroidManifest.xml:79:9-80:20
	android:name
		ADDED from src\main\AndroidManifest.xml:79:19-96
activity#com.liuhepay.cuppayment.sysactivity.SysTestManagerActivity
ADDED from src\main\AndroidManifest.xml:81:9-82:20
	android:name
		ADDED from src\main\AndroidManifest.xml:81:19-92
activity#com.pingplusplus.android.PaymentActivity
ADDED from src\main\AndroidManifest.xml:85:9-89:75
	android:launchMode
		ADDED from src\main\AndroidManifest.xml:88:13-43
	android:configChanges
		ADDED from src\main\AndroidManifest.xml:87:13-59
	android:theme
		ADDED from src\main\AndroidManifest.xml:89:13-72
	android:name
		ADDED from src\main\AndroidManifest.xml:86:13-68
activity-alias#com.liuhepay.cuppayment.wxapi.WXPayEntryActivity
ADDED from src\main\AndroidManifest.xml:92:9-95:81
	android:exported
		ADDED from src\main\AndroidManifest.xml:94:13-36
	android:targetActivity
		ADDED from src\main\AndroidManifest.xml:95:13-78
	android:name
		ADDED from src\main\AndroidManifest.xml:93:13-53
activity#com.alipay.sdk.app.H5PayActivity
ADDED from src\main\AndroidManifest.xml:98:9-103:20
	android:screenOrientation
		ADDED from src\main\AndroidManifest.xml:102:13-47
	android:exported
		ADDED from src\main\AndroidManifest.xml:101:13-37
	android:configChanges
		ADDED from src\main\AndroidManifest.xml:100:13-74
	android:name
		ADDED from src\main\AndroidManifest.xml:99:13-60
activity#com.alipay.sdk.auth.AuthActivity
ADDED from src\main\AndroidManifest.xml:104:9-109:20
	android:screenOrientation
		ADDED from src\main\AndroidManifest.xml:108:13-47
	android:exported
		ADDED from src\main\AndroidManifest.xml:107:13-37
	android:configChanges
		ADDED from src\main\AndroidManifest.xml:106:13-74
	android:name
		ADDED from src\main\AndroidManifest.xml:105:13-60
activity#com.zxing.activity.CaptureActivity
ADDED from src\main\AndroidManifest.xml:110:9-116:20
	android:screenOrientation
		ADDED from src\main\AndroidManifest.xml:113:13-49
	android:windowSoftInputMode
		ADDED from src\main\AndroidManifest.xml:115:13-60
	android:configChanges
		ADDED from src\main\AndroidManifest.xml:112:13-63
	android:theme
		ADDED from src\main\AndroidManifest.xml:114:13-71
	android:name
		ADDED from src\main\AndroidManifest.xml:111:13-62
meta-data#com.google.android.gms.version
ADDED from src\main\AndroidManifest.xml:119:9-121:69
MERGED from [com.google.android.gms:play-services-basement:8.1.0] AndroidManifest.xml:21:9-23:69
	android:value
		ADDED from src\main\AndroidManifest.xml:121:13-66
	android:name
		ADDED from src\main\AndroidManifest.xml:120:13-58